1581257004793:rtu
1581257011568:rtu-iec104port 2404
1581257013051:run
1581257029027:hmi
1581257030866:run
1581257054236:eit
1581257058857:xq
1581257059479:q
1581257060690:quit
1581257067601:quit
1581257172461:rtu
1581257173215:run
1581257176311:hmi
1581257177131:run
1581257218277:quit
1581257221220:quit
1581257677197:rtu
1581257680606:run
1581257683280:hmi
1581257684396:run
1581257697230:quit
1581257701918:quit
1581259430026:hmi
1581259431136:run
1581259434254:rtu
1581259434978:run
1581259471652:quit
1581259474667:quit
1581259946939:rtu
1581259947726:run
1581259961293:hmi
1581259962995:run
1581260018320:quit
1581260022103:w
1581260023324:quit
1581260098960:rtu
1581260099684:run
1581260113864:hmi
1581260114636:run
1581260128888:quit
1581260132582:quit
1581260334660:rtu
1581260335697:run
1581260348842:hmi run
1581260351654:hmi
1581260352370:run
1581260625800:quit
1581260628977:quit
1581260742816:rtu
1581260743521:run
1581260751333:hmi
1581260752002:run
1581260928947:quit
1581260932012:quit
1581260975898:rtu
1581260976941:run
1581260983145:hmi
1581260985035:run
1581261048225:quit
1581261051552:quit
1581261114906:rtu
1581261115614:run
1581261123815:hmi
1581261124544:eun
1581261125881:run
1581261722740:quit
1581261726093:quit
1581261772894:rtu
1581261773576:run
1581261782556:hmi
1581261784061:run
1581261814838:quit
1581261818918:quit
1581261977918:rtu
1581261978641:run
1581261984953:hmi
1581261985642:run
1581261990425:quit
1581261994429:quit
1581322663108:rtu
1581322663989:run
1581322667816:hmi
1581322669789:run
1581322692981:quit
1581322696366:quit
1581325091038:rtu
1581325091733:run
1581325094629:hmi
1581325095501:run
1581325108621:quit
1581325112238:quit
1581325929146:rtu
1581325929752:run
1581325932442:hmi
1581325933064:rubn
1581325934392:run
1581325939543:quit
1581325943264:quit
1581326107967:script --file scripts/rtu.cmd
1581326118720:script --file scripts/hmi.cmd
1581326126751:quit
1581326129878:quit
1581326570757:script --file scripts/rtu.cmd
1581326573966:script --file scripts/hmi.cmd
1581326579243:quit
1581326582377:quit
1581327430815:script --file scripts/rtu.cmd
1581327433743:script --file scripts/hmi.cmd
1581327443522:quit
1581327448157:quit
1581327902859:script --file scripts/rtu.cmd
1581327907988:script --file scripts/hmi.cmd
1581327914847:quit
1581327918729:quit
1581329089801:script --file scripts/rtu.cmd
1581329094276:script --file scripts/hmi.cmd
1581329126201:quit
1581329129562:quit
1581330806264:script --file scripts/rtu.cmd
1581330809066:script --file scripts/hmi.cmd
1581330813815:quit
1581330817182:quit
1581331036386:script --file scripts/rtu.cmd
1581331039222:script --file scripts/hmi.cmd
1581331041956:quit
1581331044796:quit
1581369413259:script --file scripts/rtu.cmd
1581369417644:script --file scripts/hmi.cmd
1581369432186:quit
1581369436393:quit
1581370551413:script --file scripts/rtu.cmd
1581370553707:script --file scripts/hmi.cmd
1581370561528:quit
1581370564143:quit
1581371108637:script --file scripts/rtu.cmd
1581371112078:script --file scripts/hmi.cmd
1581371126667:quit
1581371130107:quit
1581371230517:script --file scripts/rtu.cmd
1581371241494:script --file scripts/hmi.cmd
1581371249186:quit
1581371255026:quit
1581371706360:script --file scripts/rtu.cmd
1581371709618:script --file scripts/hmi.cmd
1581371715976:quit
1581371719984:quit
1581371951572:script --file scripts/rtu.cmd
1581371954856:script --file scripts/hmi.cmd
1581371960629:quit
1581371963186:quit
1581372241030:script --file scripts/rtu.cmd
1581372243782:script --file scripts/hmi.cmd
1581372248611:quit
1581372253860:quit
1581375098495:script --file scripts/rtu.cmd
1581375100911:script --file scripts/hmi.cmd
1581375107951:quit
1581375110854:quit
1581375648083:script --file scripts/rtu.cmd
1581375651213:script --file scripts/hmi.cmd
1581375656938:quit
1581375659937:quit
1581375723369:script --file scripts/rtu.cmd
1581375725803:script --file scripts/hmi.cmd
1581375730017:quit
1581375733329:quit
1581375937753:script --file scripts/rtu.cmd
1581375941017:script --file scripts/hmi.cmd
1581375945696:quit
1581375949998:quit
1581416541320:script --file scripts/rtu.cmd
1581416544795:script --file scripts/hmi.cmd
1581416626128:quit
1581416629520:quit
1581440343786:script --file scripts/rtu.cmd
1581440350373:script --file scripts/hmi.cmd
1581440355907:quit
1581440374781:script --file scripts/hmi.cmd
1581440379514:quit
1581440389693:script --file scripts/hmi.cmd
1581440406210:quit
1581441283404:quit
1581441342374:script --file scripts/rtu.cmd
1581441345270:script --file scripts/hmi.cmd
1581441357627:quti
1581441359291:quit
1581441363123:quit
1581443124779:script --file scripts/rtu.cmd
1581443130729:script --file scripts/hmi.cmd
1581443144648:quit
1581443149448:quit
1581449512539:script --file scripts/rtu.cmd
1581449514752:script --file scripts/hmi.cmd
1581449518141:quit
1581449528256:script --file scripts/hmi.cmd
1581449581101:quit
1581450197682:quit
1581450257636:script --file scripts/rtu.cmd
1581450260443:script --file scripts/hmi.cmd
1581450288409:quit
1581450296713:quit
1581451632207:script --file scripts/rtu.cmd
1581451634026:script --file scripts/hmi.cmd
1581452324380:quit
1581452327004:quit
1581452335398:script --file scripts/rtu.cmd
1581452395524:hmi\nhmi-interval 1000\nremote-hosts 127.0.0.1
1581452397292:hmi
1581452403220:hmi-interval 1000
1581452410915:remote-hosts 127.0.0.1
1581452430300:hmi-common-address 10
1581452432843:run
1581452477019:quit
1581452480947:quit
1581499229038:script --file scripts/hmi.cmd
1581499348078:script --file ../node_backup/hmi.cmd
1581499355010:quit
1581499495399:script --file ../node_backup/hmi.cmd
1581499516568:ququit
1581499520725:quit
1581500342489:script --file ../node_backup/hmi.cmd
1581500393602:quit
1581666101948:exit
1582191708256:hmi
1582192165519:rtu
1582192168063:exit
1582192173584:rtu
1582479336262:rtu -show
1582479338953:rtu-show
1582479343981:show
1582479350776:hmi-show
1582651221397:exit
1584811514984:hmi
1584811520452:hmi-show
1584811726241:rtu
1584811729720:exit
1584811735394:rtu
1584811743057:show
1584811747345:rtu-show
1584811829247:run
1584811847464:hmi
1584811849494:run
1584811862350:exit
1584811866222:exit
1584812351112:hmi
1584812354391:hmi-show
1601830497103:rtu
1601830498682:run
1601830509558:hmi
1601830513332:run
1601830559933:hmi
1601830568605:remote-hosts 127.0.0.1
1601830570124:run
1601830614508:hmi
1601830615244:run
1601830689029:rtu
1601830697019:rtu-iec104port 2404
1601830707419:rtu-listen 127.0.0.1
1601830709348:run
1601830757410:rtu-show
1601830758923:show
1601830765565:hmi-show
1601830767107:hmi
1601830768172:hmi-show
1601830774299:rtu-show
1601830776427:run
1601830784380:rtu
1601830785003:run
1601831073203:rtu
1601831073849:run
1601831101490:rtu-iec104port 2405
1601831103350:run
1601831111009:rtu-iec104port 2000
1601831112272:run
1601831275377:rtu
1601831276086:run
1601831279152:hmi
1601831280079:run
1601832015478:rtu
1601832016381:run
1601832307829:rtu-iec104port 2404
1601832315701:rtu-listen 127.0.0.1
1601832317277:run
1601832323621:rtu-iec104port 2406
1601832325789:run
1601832331285:rtu-listen 127.0.0.52
1601832332684:run
1601832349005:reboot
1601832517333:rtu
1601832519010:run
1601832523261:hmi
1601832526210:runM
1601832527883:run
1601832611068:hmi
1601832612763:run
1601832658493:hmi
1601832660179:run
1601832861963:rtu
1601832862707:run
1601833114820:rtu
1601833126732:rtu-iec104port 2404
1601833132935:rtu-listen 127.0.0.1
1601833134428:run
1601833142613:rtu-listen 127.0.0.1
1601833144675:rtu-iec104port 2404
1601833145987:run
1601833148198:rtu
1601833151210:rtu-iec104port 2404
1601833153035:rtu-listen 127.0.0.1
1601833155100:run
1601833592298:rtu
1601833593009:run
1601837444797:rtu
1601837445981:run
1601837448361:hmi
1601837449039:run
1601837833900:rtu
1601837834618:run
1601837837165:hmi
1601837838642:run
1601837960922:rtu
1601837962153:run
1601837964035:hmi
1601837964778:run
1601842532756:hmi
1601842593458:--help
1601842595490:asd
1601842600683:help
1601923597658:rtu
1601923608168:run
1601923610098:hmi
1601923611792:run
1601924400100:rtu
1601924401034:run
1601924403325:hmi
1601924404091:run
1601924422947:hmi
1601924426707:run
1601924645234:rtu
1601924646521:run
1601924649763:hmi
1601924650553:run
1601924882714:rtu
1601924888511:run
1601924930577:hmi
1601924931775:run
1601925035905:rtu
1601925037446:run
1601925040193:hmi
1601925050662:run
1601931655644:rtu
1601931656843:run
1601931661341:hmi
1601931662531:run
1601969546061:rtu
1601969546780:run
1601969549734:hmi
1601969551109:run
1602687355669:rtu
1602687356469:run
1602687359097:hmi
1602687378973:run
1602687790219:rtu
1602687791037:run
1602687792760:hmi
1602687793478:run
1602688281355:rtu
1602688282241:run
1602688324428:rtu
1602688325193:run
1602688326924:hmi
1602688328217:run
1602839882114:rtu
1602839884189:hmi
1602839885786:run
1602839887387:run
1602859467557:exit
1602859478104:rtu
1602859480577:run
1602859482627:hmi
1602859483353:run
1603017593268:rtu
1603017595799:run
1603017597342:hmi
1603017598468:run
1603017673115:exit
1603019039919:hmi
1603019043129:rtu
1603019044007:run
1603019045958:run
1603019069680:exit
1603019074329:hmi
1603019075767:run
1603019105056:exit
1603019109505:exit
1603019464116:hmi
1603019466508:rtu
1603019467597:run
1603019469317:run
1603019474012:exit
1603019481717:exit
1603020683791:hmi
1603020685599:rtu
1603020686358:run
1603020687894:run
1603020691807:exit
1603020698293:exit
1603021255351:hmi
1603021265122:rtu
1603021266944:run
1603021270658:run
1603021284593:exit
1603021335627:hmi
1603021336736:run
1603021370296:exit
1603021374116:exit
1603021427091:rtu
1603021428719:run
1603021430492:hmi
1603021431192:run
1603021441472:exit
1603021445768:exit
1603021832596:rtu
1603021842037:run
1603021851940:hmi
1603021879204:hmi interval 1000
1603021888045:run
1603021893244:exit
1603021898572:exit
1603022113106:hmi
1603022116765:run
1603022119482:rtu
1603022120187:run
1603022122347:run
1603022174291:exit
1603022178715:exit
1603022631817:rtu
1603022633615:hmi
1603022638106:hmi
1603022639888:run
1603022641520:run
1603022655847:exit
1603022660511:exit
1603022779974:hmi
1603022784833:rtu
1603022785718:run
1603022788255:run
1603022799727:exit
1603022810542:exit
1603022933191:hmi
1603022934921:rtu
1603022936086:run
1603022937606:run
1603022942973:exit
1603022947038:exit
1603023080642:hmi
1603023082294:rtu
1603023083941:run
1603023085525:run
1603023094877:exit
1603023099843:exit
1603023273577:hmi
1603023277493:rtu
1603023278242:run
1603023280035:run
1603023371708:exit
1603023374755:exit
1603023489432:hmi
1603023491707:rtu
1603023492449:run
1603023493985:run
1603023505913:exit
1603023508250:exit
1603023652511:hmi
1603023654538:rtu
1603023655256:run
1603023656856:run
1603023674544:exit
1603023677216:exit
1603036951726:hmi
1603036953454:rtu
1603036990959:run
1603036994099:run
1603036999403:exit
1603037304761:exit
1603038086577:hmi
1603038088706:rtu
1603038089416:run
1603038091049:run
1603038100137:exit
1603038131281:exit
1603038244129:hmi
1603038245941:rtu
1603038247595:rub
1603038248764:run
1603038253724:run
1603038255436:r
1603038256732:run
1603038260244:exit
1603038691383:exit
1603038746989:rtu
1603038748482:run
1603038750324:hmi
1603038751385:run
1603038760839:exit
1603039138162:exit
1603039189930:rtu
1603039190631:run
1603039192466:hmi
1603039193192:run
1603039302267:exit
1603039306948:exit
1603041597023:hmi
1603041598640:rtu
1603041599718:run
1603041610406:run
1603041616758:exit
1603041620310:exit
1603043100488:hmi
1603043104555:rtu
1603043105282:run
1603043107345:run
1603043116697:exit
1603043120577:exit
1603043197239:hmi
1603043199409:rtu
1603043200120:run
1603043201584:run
1603043221077:exit
1603043223496:exit
1603043363959:hmi
1603043366159:rtu
1603043366910:run
1603043368398:run
1603043373046:exit
1603043374990:exit
1603046427024:hmi
1603046428560:rtu
1603046429223:run
1603046430903:run
1603046435711:exit
1603046441623:exit
1603048100827:hmi
1603048113870:rtu
1603048114579:run
1603048117204:run
1603049337035:exit
1603049341347:exit
1603052030727:hmi
1603052032777:rtu
1603052033479:run
1603052044152:run
1603052624660:exit
1603052628083:exit
1603052882043:hmi
1603052885116:rtu
1603052886818:run
1603052888538:run
1603052928650:exit
1603052932458:exit
1603052976627:hmi
1603052978531:rtu
1603052979265:run
1603052980961:run
1603052995745:exi
1603053001298:exit
1603053003961:exit
1603055438638:hmi
1603055440696:rtu
1603055441447:run
1603055442975:run
1603055456230:exit
1603055459303:exit
1603055536996:hmi
1603055538719:rtu
1603055539414:run
1603055540774:run
1603056207936:exit
1603056210752:exit
1603056258128:rtu
1603056259647:run
1603056261170:hmi
1603056261879:run
1603056306216:exit
1603056314182:exit
1603056499886:rtu
1603056500885:run
1603056503039:hmi
1603056503910:run
1603056551365:exit
1603056555309:exit
1603056872204:hmi
1603056874004:rtu
1603056874682:run
1603056877579:run
1603056885354:exit
1603104546015:hmi
1603104547617:rtu
1603104548255:run
1603104550158:run
1603104552798:exit
1603104556294:exit
1603104911638:rtu
1603104912270:run
1603104913837:hmi
1603104914470:run
1603105339105:exit
1603105343026:exit
1603106342272:rtu
1603106343421:run
1603106345431:hmi
1603106346108:run
1603107220135:exit
1603107222813:exit
1603107463461:rtu
1603107465014:run
1603107466976:hmi
1603107467804:run
1603107471452:exit
1603107481508:exit
1603107740686:hmi
1603107742676:rtu
1603107743427:run
1603107744819:run
1603107749713:exit
1603107752489:exit
1603107912549:hmi
1603107914057:rtu
1603107915192:run
1603107916736:run
1603107929024:exit
1603107934155:exit
1603176465583:hmi
1603176467048:rtu
1603176467781:run
1603176469237:run
1603176501908:exit
1603176503901:exit
1603179092605:hmi
1603179103372:rtu
1603179103980:run
1603179105578:run
1603180441642:exit
1603180445787:exit
1603181423923:hmi
1603181425912:rtu
1603181427247:run
1603181432722:rn
1603181437390:run
1603182516491:exit
1603182520531:exit
1603540869457:rtu
1603540870271:run
1603540872056:hmi
1603540872815:run
1603540883167:exit
1603540886351:exit
1603544986114:rtu
1603544987680:run
1603544989987:hmi
1603544990721:run
1603545007648:exit
1603545010519:exit
1603545153872:rtu
1603545154910:run
1603545156552:hmi
1603545157262:run
1603545280277:exit
1603545282973:exit
1603545371870:rut
1603545373491:rtu
1603545374155:run
1603545375542:hmi
1603545376307:run
1603545408739:exit
1603545410867:exit
1603831796049:rtu
1603831797048:run
1603831798747:hmi
1603831799424:run
1603831808776:exit
1603831812344:exit
1603832365383:rtu
1603832366157:run
1603832373488:hmi
1603832374150:run
1603832392757:exit
1603832400325:exit
1603832406823:rtu
1603832407517:run
1603832409783:hmi
1603832410709:run
1603832420045:exit
1603832422262:exit
1603834448488:rtu
1603834449263:run
1603834450674:hmi
1603834451335:run
1603834460720:exit
1603834463416:exit
1603834932590:rtu
1603834933245:run
1603834934823:hmi
1603834935428:run
1603834939244:exit
1603834942108:exit
1603896569636:hmi
1603896571860:rtu
1603896572531:run
1603896573851:run
1603896583947:exit
1603896592011:hmi
1603896592705:run
1603896595643:exit
1603896599539:exit
1603896974778:hmi
1603896976322:rtu
1603896977096:run
1603896984208:run
1603896989800:exit
1603896994399:exit
1603897255247:rtu
1603897257389:run
1603897269637:hmi
1603897270198:run
1603897277445:exit
1603897280653:exit
1603902556187:rtu
1603902556890:run
1603902558804:hmi
1603902561203:run
1603902576843:exit
1603902579651:exit
1604156736969:rtu
1604156737965:run
1604156739529:hmi
1604156740159:run
1604156747599:exit
1604156758535:exit
1604156767087:rtu
1604156767821:run
1604156769344:hmi
1604156769983:run
1604156832702:exit
1604156835998:exit
1604156939136:rtu
1604156939814:run
1604156941367:hmi
1604156942245:run
1604157066237:exit
1604157069091:exit
1604157280014:rtu
1604157281915:run
1604157283541:hmi
1604157284251:run
1604157440786:exit
1604157443362:exit
1604159215066:rtu
1604167084169:exit
1604744509979:hmi
1604744532066:hmi-show
1604744538257:help
1604744548353:remote-hosts 192.168.1.11
1604744551337:run
1604744570081:exit
1604744821802:hmi
1604744828160:remote-hosts 192.168.1.10
1604744837328:exit
1604744848666:hmi
1604744853880:remote-hosts 192.168.1.11
1604744855848:run
1604744861007:exit
1604744975201:hmi
1604744979575:remote-hosts 192.168.1.11
1604744981575:run
1604746286991:exit
1604748136613:hmi
1604748142763:remote-hosts 192.168.1.11
1604748144051:run
1604748168930:exit
1604749269492:hmi
1604749272546:rtu
1604749273242:run
1604749274538:run
1604749310874:exit
1604749320508:en
1604749323033:hmi
1604749323666:run
1604749355393:exit
1604749360633:exit
1604749420059:rtu
1604749420849:run
1604749422268:hmi
1604749422833:run
1604749435361:exit
1604749444731:hmi
1604749445296:run
1604749522568:exit
1604749524672:exit
1604749666601:rtu
1604749667327:run
1604749668825:hmi
1604749669447:run
1604749728279:exit
1604749731039:exit
1604756859973:hmi
1604756869346:remote-hosts 192.168.1.11,192.168.1.12
1604756871272:run
1604756952385:exit
1604756976451:hmi
1604756985537:remote-hosts 192.168.1.11,192.168.1.12
1604756987520:run
1604921531937:exit
1605014950909:en
1605014959234:help
1605040167171:exit
1605040311772:rtu
1605040312490:run
1605040314140:hmi
1605040314802:run
1605040330442:rtu
1605040331346:run
1605040335994:exit
1605040338946:exit
1605040347756:rtu
1605040348474:run
1605040351714:hmi
1605040357738:run
1605040361066:exit
1605040365538:exit
1605040494097:rtu
1605040495983:run
1605040497715:hmi
1605040498465:run
1605040509985:exit
1605040513289:exit
1605040573280:rtu
1605040574032:run
1605040575498:hmi
1605040576096:run
1605040584168:exit
1605040587697:exit
1605040748711:rtu
1605040749439:run
1605040750929:hmi
1605040751630:run
1605040846238:exit
1605040850981:exit
1605040899344:rtu
1605040900878:run
1605040902616:hmi
1605040903942:run
1605040930686:exit
1605040933990:exit
1605041160604:rtu
1605041161435:run
1605041163350:hmi
1605041164252:run
1605041171316:exit
1605041174132:exit
